This is pdfTeX, Version 3.14159265-2.6-1.40.19 (TeX Live 2018) (preloaded format=pdflatex 2018.4.16)  29 APR 2021 15:44
entering extended mode
 restricted \write18 enabled.
 %&-line parsing enabled.
**template_Scrartcl.tex && makeindex template_Scrartcl.nls -s nomencl.ist -o te
mplate_Scrartcl.nls && pdflatex template_Scrartcl.tex
(./template_Scrartcl.tex
LaTeX2e <2018-04-01> patch level 2
Babel <3.18> and hyphenation patterns for 84 language(s) loaded.
(/usr/local/texlive/2018/texmf-dist/tex/latex/koma-script/scrartcl.cls
Document Class: scrartcl 2018/03/30 v3.25 KOMA-Script document class (article)
(/usr/local/texlive/2018/texmf-dist/tex/latex/koma-script/scrkbase.sty
Package: scrkbase 2018/03/30 v3.25 KOMA-Script package (KOMA-Script-dependent b
asics and keyval usage)

(/usr/local/texlive/2018/texmf-dist/tex/latex/koma-script/scrbase.sty
Package: scrbase 2018/03/30 v3.25 KOMA-Script package (KOMA-Script-independent 
basics and keyval usage)

(/usr/local/texlive/2018/texmf-dist/tex/latex/graphics/keyval.sty
Package: keyval 2014/10/28 v1.15 key=value parser (DPC)
\KV@toks@=\toks14
)
(/usr/local/texlive/2018/texmf-dist/tex/latex/koma-script/scrlfile.sty
Package: scrlfile 2018/03/30 v3.25 KOMA-Script package (loading files)
)))
(/usr/local/texlive/2018/texmf-dist/tex/latex/koma-script/tocbasic.sty
Package: tocbasic 2018/03/30 v3.25 KOMA-Script package (handling toc-files)
\scr@dte@tocline@numberwidth=\skip41
\scr@dte@tocline@numbox=\box26
)
Package tocbasic Info: omitting babel extension for `toc'
(tocbasic)             because of feature `nobabel' available
(tocbasic)             for `toc' on input line 134.
Class scrartcl Info: File `scrsize11pt.clo' used instead of
(scrartcl)           file `scrsize11.clo' to setup font sizes on input line 211
4.

(/usr/local/texlive/2018/texmf-dist/tex/latex/koma-script/scrsize11pt.clo
File: scrsize11pt.clo 2018/03/30 v3.25 KOMA-Script font size class option (11pt
)
)
(/usr/local/texlive/2018/texmf-dist/tex/latex/koma-script/typearea.sty
Package: typearea 2018/03/30 v3.25 KOMA-Script package (type area)
\ta@bcor=\skip42
\ta@div=\count80
\ta@hblk=\skip43
\ta@vblk=\skip44
\ta@temp=\skip45
\footheight=\skip46
Package typearea Info: These are the values describing the layout:
(typearea)             DIV  = 10
(typearea)             BCOR = 0.0pt
(typearea)             \paperwidth      = 597.50793pt
(typearea)              \textwidth      = 418.25555pt
(typearea)              DIV departure   = -6%
(typearea)              \evensidemargin = 17.3562pt
(typearea)              \oddsidemargin  = 17.3562pt
(typearea)             \paperheight     = 845.04694pt
(typearea)              \textheight     = 595.80026pt
(typearea)              \topmargin      = -25.16531pt
(typearea)              \headheight     = 17.0pt
(typearea)              \headsep        = 20.40001pt
(typearea)              \topskip        = 11.0pt
(typearea)              \footskip       = 47.6pt
(typearea)              \baselineskip   = 13.6pt
(typearea)              on input line 1706.
)
\c@part=\count81
\c@section=\count82
\c@subsection=\count83
\c@subsubsection=\count84
\c@paragraph=\count85
\c@subparagraph=\count86
\scr@dte@part@maxnumwidth=\skip47
\scr@dte@section@maxnumwidth=\skip48
\scr@dte@subsection@maxnumwidth=\skip49
\scr@dte@subsubsection@maxnumwidth=\skip50
\scr@dte@paragraph@maxnumwidth=\skip51
\scr@dte@subparagraph@maxnumwidth=\skip52
\abovecaptionskip=\skip53
\belowcaptionskip=\skip54
\c@pti@nb@sid@b@x=\box27
\scr@dte@figure@maxnumwidth=\skip55
Package tocbasic Info: omitting babel extension for `lof'
(tocbasic)             because of feature `nobabel' available
(tocbasic)             for `lof' on input line 5439.
\c@figure=\count87
\scr@dte@table@maxnumwidth=\skip56
Package tocbasic Info: omitting babel extension for `lot'
(tocbasic)             because of feature `nobabel' available
(tocbasic)             for `lot' on input line 5451.
\c@table=\count88
Class scrartcl Info: Redefining `\numberline' on input line 5615.
\bibindent=\dimen102
)
(/usr/local/texlive/2018/texmf-dist/tex/latex/graphics/graphicx.sty
Package: graphicx 2017/06/01 v1.1a Enhanced LaTeX Graphics (DPC,SPQR)

(/usr/local/texlive/2018/texmf-dist/tex/latex/graphics/graphics.sty
Package: graphics 2017/06/25 v1.2c Standard LaTeX Graphics (DPC,SPQR)

(/usr/local/texlive/2018/texmf-dist/tex/latex/graphics/trig.sty
Package: trig 2016/01/03 v1.10 sin cos tan (DPC)
)
(/usr/local/texlive/2018/texmf-dist/tex/latex/graphics-cfg/graphics.cfg
File: graphics.cfg 2016/06/04 v1.11 sample graphics configuration
)
Package graphics Info: Driver file: pdftex.def on input line 99.

(/usr/local/texlive/2018/texmf-dist/tex/latex/graphics-def/pdftex.def
File: pdftex.def 2018/01/08 v1.0l Graphics/color driver for pdftex
))
\Gin@req@height=\dimen103
\Gin@req@width=\dimen104
)
(/usr/local/texlive/2018/texmf-dist/tex/latex/amsmath/amsmath.sty
Package: amsmath 2017/09/02 v2.17a AMS math features
\@mathmargin=\skip57

For additional information on amsmath, use the `?' option.
(/usr/local/texlive/2018/texmf-dist/tex/latex/amsmath/amstext.sty
Package: amstext 2000/06/29 v2.01 AMS text

(/usr/local/texlive/2018/texmf-dist/tex/latex/amsmath/amsgen.sty
File: amsgen.sty 1999/11/30 v2.0 generic functions
\@emptytoks=\toks15
\ex@=\dimen105
))
(/usr/local/texlive/2018/texmf-dist/tex/latex/amsmath/amsbsy.sty
Package: amsbsy 1999/11/29 v1.2d Bold Symbols
\pmbraise@=\dimen106
)
(/usr/local/texlive/2018/texmf-dist/tex/latex/amsmath/amsopn.sty
Package: amsopn 2016/03/08 v2.02 operator names
)
\inf@bad=\count89
LaTeX Info: Redefining \frac on input line 213.
\uproot@=\count90
\leftroot@=\count91
LaTeX Info: Redefining \overline on input line 375.
\classnum@=\count92
\DOTSCASE@=\count93
LaTeX Info: Redefining \ldots on input line 472.
LaTeX Info: Redefining \dots on input line 475.
LaTeX Info: Redefining \cdots on input line 596.
\Mathstrutbox@=\box28
\strutbox@=\box29
\big@size=\dimen107
LaTeX Font Info:    Redeclaring font encoding OML on input line 712.
LaTeX Font Info:    Redeclaring font encoding OMS on input line 713.
\macc@depth=\count94
\c@MaxMatrixCols=\count95
\dotsspace@=\muskip10
\c@parentequation=\count96
\dspbrk@lvl=\count97
\tag@help=\toks16
\row@=\count98
\column@=\count99
\maxfields@=\count100
\andhelp@=\toks17
\eqnshift@=\dimen108
\alignsep@=\dimen109
\tagshift@=\dimen110
\tagwidth@=\dimen111
\totwidth@=\dimen112
\lineht@=\dimen113
\@envbody=\toks18
\multlinegap=\skip58
\multlinetaggap=\skip59
\mathdisplay@stack=\toks19
LaTeX Info: Redefining \[ on input line 2817.
LaTeX Info: Redefining \] on input line 2818.
)
(/usr/local/texlive/2018/texmf-dist/tex/latex/hyperref/hyperref.sty
Package: hyperref 2018/02/06 v6.86b Hypertext links for LaTeX

(/usr/local/texlive/2018/texmf-dist/tex/generic/oberdiek/hobsub-hyperref.sty
Package: hobsub-hyperref 2016/05/16 v1.14 Bundle oberdiek, subset hyperref (HO)


(/usr/local/texlive/2018/texmf-dist/tex/generic/oberdiek/hobsub-generic.sty
Package: hobsub-generic 2016/05/16 v1.14 Bundle oberdiek, subset generic (HO)
Package: hobsub 2016/05/16 v1.14 Construct package bundles (HO)
Package: infwarerr 2016/05/16 v1.4 Providing info/warning/error messages (HO)
Package: ltxcmds 2016/05/16 v1.23 LaTeX kernel commands for general use (HO)
Package: ifluatex 2016/05/16 v1.4 Provides the ifluatex switch (HO)
Package ifluatex Info: LuaTeX not detected.
Package: ifvtex 2016/05/16 v1.6 Detect VTeX and its facilities (HO)
Package ifvtex Info: VTeX not detected.
Package: intcalc 2016/05/16 v1.2 Expandable calculations with integers (HO)
Package: ifpdf 2017/03/15 v3.2 Provides the ifpdf switch
Package: etexcmds 2016/05/16 v1.6 Avoid name clashes with e-TeX commands (HO)
Package etexcmds Info: Could not find \expanded.
(etexcmds)             That can mean that you are not using pdfTeX 1.50 or
(etexcmds)             that some package has redefined \expanded.
(etexcmds)             In the latter case, load this package earlier.
Package: kvsetkeys 2016/05/16 v1.17 Key value parser (HO)
Package: kvdefinekeys 2016/05/16 v1.4 Define keys (HO)
Package: pdftexcmds 2018/01/30 v0.27 Utility functions of pdfTeX for LuaTeX (HO
)
Package pdftexcmds Info: LuaTeX not detected.
Package pdftexcmds Info: \pdf@primitive is available.
Package pdftexcmds Info: \pdf@ifprimitive is available.
Package pdftexcmds Info: \pdfdraftmode found.
Package: pdfescape 2016/05/16 v1.14 Implements pdfTeX's escape features (HO)
Package: bigintcalc 2016/05/16 v1.4 Expandable calculations on big integers (HO
)
Package: bitset 2016/05/16 v1.2 Handle bit-vector datatype (HO)
Package: uniquecounter 2016/05/16 v1.3 Provide unlimited unique counter (HO)
)
Package hobsub Info: Skipping package `hobsub' (already loaded).
Package: letltxmacro 2016/05/16 v1.5 Let assignment for LaTeX macros (HO)
Package: hopatch 2016/05/16 v1.3 Wrapper for package hooks (HO)
Package: xcolor-patch 2016/05/16 xcolor patch
Package: atveryend 2016/05/16 v1.9 Hooks at the very end of document (HO)
Package atveryend Info: \enddocument detected (standard20110627).
Package: atbegshi 2016/06/09 v1.18 At begin shipout hook (HO)
Package: refcount 2016/05/16 v3.5 Data extraction from label references (HO)
Package: hycolor 2016/05/16 v1.8 Color options for hyperref/bookmark (HO)
)
(/usr/local/texlive/2018/texmf-dist/tex/generic/ifxetex/ifxetex.sty
Package: ifxetex 2010/09/12 v0.6 Provides ifxetex conditional
)
(/usr/local/texlive/2018/texmf-dist/tex/latex/oberdiek/auxhook.sty
Package: auxhook 2016/05/16 v1.4 Hooks for auxiliary files (HO)
)
(/usr/local/texlive/2018/texmf-dist/tex/latex/oberdiek/kvoptions.sty
Package: kvoptions 2016/05/16 v3.12 Key value format for package options (HO)
)
\@linkdim=\dimen114
\Hy@linkcounter=\count101
\Hy@pagecounter=\count102

(/usr/local/texlive/2018/texmf-dist/tex/latex/hyperref/pd1enc.def
File: pd1enc.def 2018/02/06 v6.86b Hyperref: PDFDocEncoding definition (HO)
Now handling font encoding PD1 ...
... no UTF-8 mapping file for font encoding PD1
)
\Hy@SavedSpaceFactor=\count103

(/usr/local/texlive/2018/texmf-dist/tex/latex/latexconfig/hyperref.cfg
File: hyperref.cfg 2002/06/06 v1.2 hyperref configuration of TeXLive
)
Package hyperref Info: Hyper figures OFF on input line 4509.
Package hyperref Info: Link nesting OFF on input line 4514.
Package hyperref Info: Hyper index ON on input line 4517.
Package hyperref Info: Plain pages OFF on input line 4524.
Package hyperref Info: Backreferencing OFF on input line 4529.
Package hyperref Info: Implicit mode ON; LaTeX internals redefined.
Package hyperref Info: Bookmarks ON on input line 4762.
\c@Hy@tempcnt=\count104

(/usr/local/texlive/2018/texmf-dist/tex/latex/url/url.sty
\Urlmuskip=\muskip11
Package: url 2013/09/16  ver 3.4  Verb mode for urls, etc.
)
LaTeX Info: Redefining \url on input line 5115.
\XeTeXLinkMargin=\dimen115
\Fld@menulength=\count105
\Field@Width=\dimen116
\Fld@charsize=\dimen117
Package hyperref Info: Hyper figures OFF on input line 6369.
Package hyperref Info: Link nesting OFF on input line 6374.
Package hyperref Info: Hyper index ON on input line 6377.
Package hyperref Info: backreferencing OFF on input line 6384.
Package hyperref Info: Link coloring OFF on input line 6389.
Package hyperref Info: Link coloring with OCG OFF on input line 6394.
Package hyperref Info: PDF/A mode OFF on input line 6399.
LaTeX Info: Redefining \ref on input line 6439.
LaTeX Info: Redefining \pageref on input line 6443.
\Hy@abspage=\count106
\c@Item=\count107
\c@Hfootnote=\count108
)
Package hyperref Info: Driver (autodetected): hpdftex.

(/usr/local/texlive/2018/texmf-dist/tex/latex/hyperref/hpdftex.def
File: hpdftex.def 2018/02/06 v6.86b Hyperref driver for pdfTeX
\Fld@listcount=\count109
\c@bookmark@seq@number=\count110

(/usr/local/texlive/2018/texmf-dist/tex/latex/oberdiek/rerunfilecheck.sty
Package: rerunfilecheck 2016/05/16 v1.8 Rerun checks for auxiliary files (HO)
Package uniquecounter Info: New unique counter `rerunfilecheck' on input line 2
82.
)
\Hy@SectionHShift=\skip60
)
(/usr/local/texlive/2018/texmf-dist/tex/latex/comment/comment.sty
\CommentStream=\write3

Excluding comment 'comment') (./template_Scrartcl.aux)
\openout1 = `template_Scrartcl.aux'.

LaTeX Font Info:    Checking defaults for OML/cmm/m/it on input line 12.
LaTeX Font Info:    ... okay on input line 12.
LaTeX Font Info:    Checking defaults for T1/cmr/m/n on input line 12.
LaTeX Font Info:    ... okay on input line 12.
LaTeX Font Info:    Checking defaults for OT1/cmr/m/n on input line 12.
LaTeX Font Info:    ... okay on input line 12.
LaTeX Font Info:    Checking defaults for OMS/cmsy/m/n on input line 12.
LaTeX Font Info:    ... okay on input line 12.
LaTeX Font Info:    Checking defaults for OMX/cmex/m/n on input line 12.
LaTeX Font Info:    ... okay on input line 12.
LaTeX Font Info:    Checking defaults for U/cmr/m/n on input line 12.
LaTeX Font Info:    ... okay on input line 12.
LaTeX Font Info:    Checking defaults for PD1/pdf/m/n on input line 12.
LaTeX Font Info:    ... okay on input line 12.

(/usr/local/texlive/2018/texmf-dist/tex/context/base/mkii/supp-pdf.mkii
[Loading MPS to PDF converter (version 2006.09.02).]
\scratchcounter=\count111
\scratchdimen=\dimen118
\scratchbox=\box30
\nofMPsegments=\count112
\nofMParguments=\count113
\everyMPshowfont=\toks20
\MPscratchCnt=\count114
\MPscratchDim=\dimen119
\MPnumerator=\count115
\makeMPintoPDFobject=\count116
\everyMPtoPDFconversion=\toks21
) (/usr/local/texlive/2018/texmf-dist/tex/latex/oberdiek/epstopdf-base.sty
Package: epstopdf-base 2016/05/15 v2.6 Base part for package epstopdf

(/usr/local/texlive/2018/texmf-dist/tex/latex/oberdiek/grfext.sty
Package: grfext 2016/05/16 v1.2 Manage graphics extensions (HO)
)
Package epstopdf-base Info: Redefining graphics rule for `.eps' on input line 4
38.
Package grfext Info: Graphics extension search list:
(grfext)             [.pdf,.png,.jpg,.mps,.jpeg,.jbig2,.jb2,.PDF,.PNG,.JPG,.JPE
G,.JBIG2,.JB2,.eps]
(grfext)             \AppendGraphicsExtensions on input line 456.

(/usr/local/texlive/2018/texmf-dist/tex/latex/latexconfig/epstopdf-sys.cfg
File: epstopdf-sys.cfg 2010/07/13 v1.3 Configuration of (r)epstopdf for TeX Liv
e
))
\AtBeginShipoutBox=\box31
Package hyperref Info: Link coloring OFF on input line 12.

(/usr/local/texlive/2018/texmf-dist/tex/latex/hyperref/nameref.sty
Package: nameref 2016/05/21 v2.44 Cross-referencing by name of section

(/usr/local/texlive/2018/texmf-dist/tex/generic/oberdiek/gettitlestring.sty
Package: gettitlestring 2016/05/16 v1.5 Cleanup title references (HO)
)
\c@section@level=\count117
)
LaTeX Info: Redefining \ref on input line 12.
LaTeX Info: Redefining \pageref on input line 12.
LaTeX Info: Redefining \nameref on input line 12.

(./template_Scrartcl.out) (./template_Scrartcl.out)
\@outlinefile=\write4
\openout4 = `template_Scrartcl.out'.

<figures/R1b.png, id=49, 1445.4pt x 807.015pt>
File: figures/R1b.png Graphic file (type png)
<use figures/R1b.png>
Package pdftex.def Info: figures/R1b.png  used on input line 29.
(pdftex.def)             Requested size: 334.60571pt x 186.81631pt.

Excluding 'comment' comment.
<figures/R1c.png, id=53, 1445.4pt x 807.015pt>
File: figures/R1c.png Graphic file (type png)
<use figures/R1c.png>
Package pdftex.def Info: figures/R1c.png  used on input line 54.
(pdftex.def)             Requested size: 225.4435pt x 125.86182pt.

Overfull \hbox (20.49599pt too wide) in paragraph at lines 54--55
 [][] 
 []

<figures/R1c_spectrogram.png, id=54, 1445.4pt x 807.015pt>
File: figures/R1c_spectrogram.png Graphic file (type png)
<use figures/R1c_spectrogram.png>
Package pdftex.def Info: figures/R1c_spectrogram.png  used on input line 61.
(pdftex.def)             Requested size: 225.4435pt x 125.86182pt.

Overfull \hbox (20.49599pt too wide) in paragraph at lines 61--62
 [][] 
 []

[1


{/usr/local/texlive/2018/texmf-var/fonts/map/pdftex/updmap/pdftex.map}]
[2 <./figures/R1b.png (PNG copy)> <./figures/R1c.png (PNG copy)> <./figures/R1c
_spectrogram.png (PNG copy)>]
<figures/R2a_gain.png, id=74, 1445.4pt x 807.015pt>
File: figures/R2a_gain.png Graphic file (type png)
<use figures/R2a_gain.png>
Package pdftex.def Info: figures/R2a_gain.png  used on input line 75.
(pdftex.def)             Requested size: 225.4435pt x 125.86182pt.

Overfull \hbox (20.49599pt too wide) in paragraph at lines 75--76
 [][] 
 []

<figures/R2a_phase.png, id=75, 1445.4pt x 807.015pt>
File: figures/R2a_phase.png Graphic file (type png)
<use figures/R2a_phase.png>
Package pdftex.def Info: figures/R2a_phase.png  used on input line 82.
(pdftex.def)             Requested size: 225.4435pt x 125.86182pt.

Overfull \hbox (20.49599pt too wide) in paragraph at lines 82--83
 [][] 
 []

[3 <./figures/R2a_gain.png (PNG copy)> <./figures/R2a_phase.png (PNG copy)>]
<figures/R2c.png, id=95, 1445.4pt x 807.015pt>
File: figures/R2c.png Graphic file (type png)
<use figures/R2c.png>
Package pdftex.def Info: figures/R2c.png  used on input line 103.
(pdftex.def)             Requested size: 225.4435pt x 125.86182pt.

Overfull \hbox (20.49599pt too wide) in paragraph at lines 103--104
 [][] 
 []

<figures/R2c_smallAmp.png, id=96, 1445.4pt x 807.015pt>
File: figures/R2c_smallAmp.png Graphic file (type png)
<use figures/R2c_smallAmp.png>
Package pdftex.def Info: figures/R2c_smallAmp.png  used on input line 110.
(pdftex.def)             Requested size: 225.4435pt x 125.86182pt.

Overfull \hbox (20.49599pt too wide) in paragraph at lines 110--111
 [][] 
 []

<figures/R2c_zoomNoise.png, id=97, 1445.4pt x 807.015pt>
File: figures/R2c_zoomNoise.png Graphic file (type png)
<use figures/R2c_zoomNoise.png>
Package pdftex.def Info: figures/R2c_zoomNoise.png  used on input line 116.
(pdftex.def)             Requested size: 225.4435pt x 125.86182pt.

Overfull \hbox (20.49599pt too wide) in paragraph at lines 116--117
 [][] 
 []

<figures/R2c_zoomNormal.png, id=98, 1445.4pt x 807.015pt>
File: figures/R2c_zoomNormal.png Graphic file (type png)
<use figures/R2c_zoomNormal.png>
Package pdftex.def Info: figures/R2c_zoomNormal.png  used on input line 123.
(pdftex.def)             Requested size: 225.4435pt x 125.86182pt.

Overfull \hbox (20.49599pt too wide) in paragraph at lines 123--124
 [][] 
 []

<figures/R2d.png, id=104, 1445.4pt x 807.015pt>
File: figures/R2d.png Graphic file (type png)
<use figures/R2d.png>
Package pdftex.def Info: figures/R2d.png  used on input line 136.
(pdftex.def)             Requested size: 225.4435pt x 125.86182pt.

Overfull \hbox (20.49599pt too wide) in paragraph at lines 136--137
 [][] 
 []

<figures/R2d_spectrogram.png, id=105, 1445.4pt x 807.015pt>
File: figures/R2d_spectrogram.png Graphic file (type png)
<use figures/R2d_spectrogram.png>
Package pdftex.def Info: figures/R2d_spectrogram.png  used on input line 143.
(pdftex.def)             Requested size: 225.4435pt x 125.86182pt.

Overfull \hbox (20.49599pt too wide) in paragraph at lines 143--144
 [][] 
 []

[4 <./figures/R2c.png (PNG copy)> <./figures/R2c_smallAmp.png (PNG copy)> <./fi
gures/R2c_zoomNoise.png (PNG copy)> <./figures/R2c_zoomNormal.png (PNG copy)>]
[5 <./figures/R2d.png (PNG copy)> <./figures/R2d_spectrogram.png (PNG copy)>]
<figures/R2f_zoomOut.png, id=132, 1445.4pt x 807.015pt>
File: figures/R2f_zoomOut.png Graphic file (type png)
<use figures/R2f_zoomOut.png>
Package pdftex.def Info: figures/R2f_zoomOut.png  used on input line 161.
(pdftex.def)             Requested size: 225.4435pt x 125.86182pt.

Overfull \hbox (20.49599pt too wide) in paragraph at lines 161--162
 [][] 
 []

<figures/R2f_smallAmp.png, id=133, 1445.4pt x 807.015pt>
File: figures/R2f_smallAmp.png Graphic file (type png)
<use figures/R2f_smallAmp.png>
Package pdftex.def Info: figures/R2f_smallAmp.png  used on input line 168.
(pdftex.def)             Requested size: 225.4435pt x 125.86182pt.

Overfull \hbox (20.49599pt too wide) in paragraph at lines 168--169
 [][] 
 []

<figures/R2f_zoomNoise.png, id=134, 1445.4pt x 807.015pt>
File: figures/R2f_zoomNoise.png Graphic file (type png)
<use figures/R2f_zoomNoise.png>
Package pdftex.def Info: figures/R2f_zoomNoise.png  used on input line 174.
(pdftex.def)             Requested size: 225.4435pt x 125.86182pt.

Overfull \hbox (20.49599pt too wide) in paragraph at lines 174--175
 [][] 
 []

<figures/R2f_zoomNormal.png, id=135, 1445.4pt x 807.015pt>
File: figures/R2f_zoomNormal.png Graphic file (type png)
<use figures/R2f_zoomNormal.png>
Package pdftex.def Info: figures/R2f_zoomNormal.png  used on input line 181.
(pdftex.def)             Requested size: 225.4435pt x 125.86182pt.

Overfull \hbox (20.49599pt too wide) in paragraph at lines 181--182
 [][] 
 []

<figures/R2f_spectra.png, id=136, 1445.4pt x 807.015pt>
File: figures/R2f_spectra.png Graphic file (type png)
<use figures/R2f_spectra.png>
Package pdftex.def Info: figures/R2f_spectra.png  used on input line 187.
(pdftex.def)             Requested size: 225.4435pt x 125.86182pt.

Overfull \hbox (20.49599pt too wide) in paragraph at lines 187--188
 [][] 
 []

<figures/R2f_spectrogram.png, id=137, 1445.4pt x 807.015pt>
File: figures/R2f_spectrogram.png Graphic file (type png)
<use figures/R2f_spectrogram.png>
Package pdftex.def Info: figures/R2f_spectrogram.png  used on input line 194.
(pdftex.def)             Requested size: 225.4435pt x 125.86182pt.

Overfull \hbox (20.49599pt too wide) in paragraph at lines 194--195
 [][] 
 []

Excluding 'comment' comment.
Package atveryend Info: Empty hook `BeforeClearDocument' on input line 317.
 [6] [7 <./figures/R2f_zoomOut.png (PNG copy)> <./figures/R2f_smallAmp.png (PNG
 copy)> <./figures/R2f_zoomNoise.png (PNG copy)> <./figures/R2f_zoomNormal.png 
(PNG copy)> <./figures/R2f_spectra.png (PNG copy)> <./figures/R2f_spectrogram.p
ng (PNG copy)>]
Package atveryend Info: Empty hook `AfterLastShipout' on input line 317.
 (./template_Scrartcl.aux)
Package atveryend Info: Executing hook `AtVeryEndDocument' on input line 317.
Package atveryend Info: Executing hook `AtEndAfterFileList' on input line 317.
Package rerunfilecheck Info: File `template_Scrartcl.out' has not changed.
(rerunfilecheck)             Checksum: 3BBE5394FC5E75300EAAA972C617DD51;960.
Package atveryend Info: Empty hook `AtVeryVeryEnd' on input line 317.
 ) 
Here is how much of TeX's memory you used:
 7786 strings out of 492649
 127024 string characters out of 6129622
 315826 words of memory out of 5000000
 11566 multiletter control sequences out of 15000+600000
 10412 words of font info for 38 fonts, out of 8000000 for 9000
 1141 hyphenation exceptions out of 8191
 41i,8n,51p,9205b,349s stack positions out of 5000i,500n,10000p,200000b,80000s
</usr/local/texlive/2018/texmf-dist/fonts/type1/public/amsfonts/cm/cmmi10.pfb
></usr/local/texlive/2018/texmf-dist/fonts/type1/public/amsfonts/cm/cmmi8.pfb><
/usr/local/texlive/2018/texmf-dist/fonts/type1/public/amsfonts/cm/cmr10.pfb></u
sr/local/texlive/2018/texmf-dist/fonts/type1/public/amsfonts/cm/cmr12.pfb></usr
/local/texlive/2018/texmf-dist/fonts/type1/public/amsfonts/cm/cmssbx10.pfb></us
r/local/texlive/2018/texmf-dist/fonts/type1/public/amsfonts/cm/cmsy10.pfb></usr
/local/texlive/2018/texmf-dist/fonts/type1/public/amsfonts/cm/cmti10.pfb></usr/
local/texlive/2018/texmf-dist/fonts/type1/public/amsfonts/cm/cmtt10.pfb>
Output written on template_Scrartcl.pdf (7 pages, 2798531 bytes).
PDF statistics:
 188 PDF objects out of 1000 (max. 8388607)
 150 compressed objects within 2 object streams
 36 named destinations out of 1000 (max. 500000)
 174 words of extra memory for PDF output out of 10000 (max. 10000000)

